# JRE version: Java(TM) SE Runtime Environment (23.0.1+11) (build 23.0.1+11-39)
# Java VM: Java HotSpot(TM) 64-Bit Server VM (23.0.1+11-39, mixed mode, emulated-client, sharing, tiered, compressed oops, compressed class ptrs, g1 gc, windows-amd64)
GC Precious Log:
 CardTable entry size: 512
 Card Set container configuration: InlinePtr #cards 5 size 8 Array Of Cards #cards 10 size 36 Howl #buckets 4 coarsen threshold 1843 Howl Bitmap #cards 512 size 80 coarsen threshold 460 Card regions per heap region 1 cards per card region 2048
 CPUs: 8 total, 8 available
 Memory: 8074M
 Large Page Support: Disabled
 NUMA Support: Disabled
 Compressed Oops: Enabled (32-bit)
 Heap Region Size: 1M
 Heap Min Capacity: 8M
 Heap Initial Capacity: 128M
 Heap Max Capacity: 2020M
 Pre-touch: Disabled
 Parallel Workers: 8
 Concurrent Workers: 2
 Concurrent Refinement Workers: 8
 Periodic GC: Disabled
Heap:
 garbage-first heap   total reserved 2068480K, committed 291840K, used 247149K [0x0000000081c00000, 0x0000000100000000)
  region size 1024K, 3 young (3072K), 3 survivors (3072K)
 Metaspace       used 88776K, committed 90048K, reserved 1179648K
  class space    used 13242K, committed 13760K, reserved 1048576K
GC Heap History (20 events):
Event: 16047.357 GC heap after
{Heap after GC invocations=88 (full 0):
 garbage-first heap   total reserved 2068480K, committed 276480K, used 64142K [0x0000000081c00000, 0x0000000100000000)
  region size 1024K, 4 young (4096K), 4 survivors (4096K)
 Metaspace       used 88881K, committed 89920K, reserved 1179648K
  class space    used 13281K, committed 13760K, reserved 1048576K
}
Event: 17050.779 GC heap before
{Heap before GC invocations=89 (full 0):
 garbage-first heap   total reserved 2068480K, committed 232448K, used 230030K [0x0000000081c00000, 0x0000000100000000)
  region size 1024K, 119 young (121856K), 4 survivors (4096K)
 Metaspace       used 89021K, committed 90048K, reserved 1179648K
  class space    used 13312K, committed 13760K, reserved 1048576K
}
Event: 17050.805 GC heap after
{Heap after GC invocations=90 (full 0):
 garbage-first heap   total reserved 2068480K, committed 256000K, used 93447K [0x0000000081c00000, 0x0000000100000000)
  region size 1024K, 15 young (15360K), 15 survivors (15360K)
 Metaspace       used 89021K, committed 90048K, reserved 1179648K
  class space    used 13312K, committed 13760K, reserved 1048576K
}
Event: 17050.884 GC heap before
{Heap before GC invocations=90 (full 0):
 garbage-first heap   total reserved 2068480K, committed 256000K, used 164103K [0x0000000081c00000, 0x0000000100000000)
  region size 1024K, 65 young (66560K), 15 survivors (15360K)
 Metaspace       used 89021K, committed 90048K, reserved 1179648K
  class space    used 13312K, committed 13760K, reserved 1048576K
}
Event: 17050.936 GC heap after
{Heap after GC invocations=91 (full 0):
 garbage-first heap   total reserved 2068480K, committed 256000K, used 163230K [0x0000000081c00000, 0x0000000100000000)
  region size 1024K, 9 young (9216K), 9 survivors (9216K)
 Metaspace       used 89021K, committed 90048K, reserved 1179648K
  class space    used 13312K, committed 13760K, reserved 1048576K
}
Event: 17055.689 GC heap before
{Heap before GC invocations=91 (full 0):
 garbage-first heap   total reserved 2068480K, committed 256000K, used 215454K [0x0000000081c00000, 0x0000000100000000)
  region size 1024K, 42 young (43008K), 9 survivors (9216K)
 Metaspace       used 89021K, committed 90048K, reserved 1179648K
  class space    used 13312K, committed 13760K, reserved 1048576K
}
Event: 17055.712 GC heap after
{Heap after GC invocations=92 (full 0):
 garbage-first heap   total reserved 2068480K, committed 260096K, used 207284K [0x0000000081c00000, 0x0000000100000000)
  region size 1024K, 6 young (6144K), 6 survivors (6144K)
 Metaspace       used 89021K, committed 90048K, reserved 1179648K
  class space    used 13312K, committed 13760K, reserved 1048576K
}
Event: 17055.729 GC heap before
{Heap before GC invocations=92 (full 0):
 garbage-first heap   total reserved 2068480K, committed 260096K, used 223668K [0x0000000081c00000, 0x0000000100000000)
  region size 1024K, 22 young (22528K), 6 survivors (6144K)
 Metaspace       used 89021K, committed 90048K, reserved 1179648K
  class space    used 13312K, committed 13760K, reserved 1048576K
}
Event: 17055.747 GC heap after
{Heap after GC invocations=93 (full 0):
 garbage-first heap   total reserved 2068480K, committed 260096K, used 223668K [0x0000000081c00000, 0x0000000100000000)
  region size 1024K, 3 young (3072K), 3 survivors (3072K)
 Metaspace       used 89021K, committed 90048K, reserved 1179648K
  class space    used 13312K, committed 13760K, reserved 1048576K
}
Event: 17055.756 GC heap before
{Heap before GC invocations=93 (full 0):
 garbage-first heap   total reserved 2068480K, committed 260096K, used 229812K [0x0000000081c00000, 0x0000000100000000)
  region size 1024K, 10 young (10240K), 3 survivors (3072K)
 Metaspace       used 89021K, committed 90048K, reserved 1179648K
  class space    used 13312K, committed 13760K, reserved 1048576K
}
Event: 17055.764 GC heap after
{Heap after GC invocations=94 (full 0):
 garbage-first heap   total reserved 2068480K, committed 260096K, used 231860K [0x0000000081c00000, 0x0000000100000000)
  region size 1024K, 2 young (2048K), 2 survivors (2048K)
 Metaspace       used 89021K, committed 90048K, reserved 1179648K
  class space    used 13312K, committed 13760K, reserved 1048576K
}
Event: 17055.780 GC heap before
{Heap before GC invocations=94 (full 0):
 garbage-first heap   total reserved 2068480K, committed 260096K, used 251316K [0x0000000081c00000, 0x0000000100000000)
  region size 1024K, 12 young (12288K), 2 survivors (2048K)
 Metaspace       used 89021K, committed 90048K, reserved 1179648K
  class space    used 13312K, committed 13760K, reserved 1048576K
}
Event: 17055.787 GC heap after
{Heap after GC invocations=95 (full 0):
 garbage-first heap   total reserved 2068480K, committed 266240K, used 252410K [0x0000000081c00000, 0x0000000100000000)
  region size 1024K, 2 young (2048K), 2 survivors (2048K)
 Metaspace       used 89021K, committed 90048K, reserved 1179648K
  class space    used 13312K, committed 13760K, reserved 1048576K
}
Event: 17056.970 GC heap before
{Heap before GC invocations=96 (full 0):
 garbage-first heap   total reserved 2068480K, committed 291840K, used 185850K [0x0000000081c00000, 0x0000000100000000)
  region size 1024K, 12 young (12288K), 2 survivors (2048K)
 Metaspace       used 88776K, committed 90048K, reserved 1179648K
  class space    used 13242K, committed 13760K, reserved 1048576K
}
Event: 17056.978 GC heap after
{Heap after GC invocations=97 (full 0):
 garbage-first heap   total reserved 2068480K, committed 291840K, used 180148K [0x0000000081c00000, 0x0000000100000000)
  region size 1024K, 2 young (2048K), 2 survivors (2048K)
 Metaspace       used 88776K, committed 90048K, reserved 1179648K
  class space    used 13242K, committed 13760K, reserved 1048576K
}
Event: 17062.793 GC heap before
{Heap before GC invocations=97 (full 0):
 garbage-first heap   total reserved 2068480K, committed 291840K, used 232372K [0x0000000081c00000, 0x0000000100000000)
  region size 1024K, 36 young (36864K), 2 survivors (2048K)
 Metaspace       used 88776K, committed 90048K, reserved 1179648K
  class space    used 13242K, committed 13760K, reserved 1048576K
}
Event: 17062.813 GC heap after
{Heap after GC invocations=98 (full 0):
 garbage-first heap   total reserved 2068480K, committed 291840K, used 205631K [0x0000000081c00000, 0x0000000100000000)
  region size 1024K, 5 young (5120K), 5 survivors (5120K)
 Metaspace       used 88776K, committed 90048K, reserved 1179648K
  class space    used 13242K, committed 13760K, reserved 1048576K
}
Event: 17062.840 GC heap before
{Heap before GC invocations=98 (full 0):
 garbage-first heap   total reserved 2068480K, committed 291840K, used 240447K [0x0000000081c00000, 0x0000000100000000)
  region size 1024K, 31 young (31744K), 5 survivors (5120K)
 Metaspace       used 88776K, committed 90048K, reserved 1179648K
  class space    used 13242K, committed 13760K, reserved 1048576K
}
Event: 17062.860 GC heap after
{Heap after GC invocations=99 (full 0):
 garbage-first heap   total reserved 2068480K, committed 291840K, used 232813K [0x0000000081c00000, 0x0000000100000000)
  region size 1024K, 4 young (4096K), 4 survivors (4096K)
 Metaspace       used 88776K, committed 90048K, reserved 1179648K
  class space    used 13242K, committed 13760K, reserved 1048576K
}
Event: 17062.872 GC heap before
{Heap before GC invocations=99 (full 0):
 garbage-first heap   total reserved 2068480K, committed 291840K, used 245101K [0x0000000081c00000, 0x0000000100000000)
  region size 1024K, 17 young (17408K), 4 survivors (4096K)
 Metaspace       used 88776K, committed 90048K, reserved 1179648K
  class space    used 13242K, committed 13760K, reserved 1048576K
}

